#! /c/Source/iverilog-install/bin/vvp
:ivl_version "12.0 (devel)" "(s20150603-1539-g2693dd32b)";
:ivl_delay_selection "TYPICAL";
:vpi_time_precision + 0;
:vpi_module "C:\iverilog\lib\ivl\system.vpi";
:vpi_module "C:\iverilog\lib\ivl\vhdl_sys.vpi";
:vpi_module "C:\iverilog\lib\ivl\vhdl_textio.vpi";
:vpi_module "C:\iverilog\lib\ivl\v2005_math.vpi";
:vpi_module "C:\iverilog\lib\ivl\va_math.vpi";
S_00000196a4c9d150 .scope module, "tb" "tb" 2 1;
 .timescale 0 0;
v00000196a4d33060_0 .net "f", 0 0, L_00000196a4d342a0;  1 drivers
v00000196a4d33880_0 .var "w", 0 0;
v00000196a4d33100_0 .var "x", 0 0;
v00000196a4d33920_0 .var "y", 0 0;
v00000196a4d332e0_0 .var "z", 0 0;
S_00000196a4c9d2e0 .scope begin, "$ivl_for_loop0" "$ivl_for_loop0" 2 6, 2 6 0, S_00000196a4c9d150;
 .timescale 0 0;
v00000196a4c969e0_0 .var/i "i", 31 0;
S_00000196a4c966c0 .scope begin, "$ivl_for_loop1" "$ivl_for_loop1" 2 8, 2 8 0, S_00000196a4c9d2e0;
 .timescale 0 0;
v00000196a4c9d510_0 .var/i "j", 31 0;
S_00000196a4c96850 .scope begin, "$ivl_for_loop2" "$ivl_for_loop2" 2 10, 2 10 0, S_00000196a4c966c0;
 .timescale 0 0;
v00000196a4c9d470_0 .var/i "k", 31 0;
S_00000196a4cd84c0 .scope begin, "$ivl_for_loop3" "$ivl_for_loop3" 2 12, 2 12 0, S_00000196a4c96850;
 .timescale 0 0;
v00000196a4c96d20_0 .var/i "l", 31 0;
S_00000196a4ce42c0 .scope module, "modulee" "circuit" 2 4, 3 1 0, S_00000196a4c9d150;
 .timescale 0 0;
    .port_info 0 /INPUT 1 "x";
    .port_info 1 /INPUT 1 "y";
    .port_info 2 /INPUT 1 "w";
    .port_info 3 /INPUT 1 "z";
    .port_info 4 /OUTPUT 1 "f";
L_00000196a4c97160 .functor NOT 1, v00000196a4d33880_0, C4<0>, C4<0>, C4<0>;
L_00000196a4c96f60 .functor NAND 1, v00000196a4d33100_0, v00000196a4d33880_0, C4<1>, C4<1>;
L_00000196a4cd51e0 .functor NAND 1, L_00000196a4c97160, v00000196a4d33920_0, C4<1>, C4<1>;
L_00000196a4cd5030 .functor NAND 1, L_00000196a4c96f60, L_00000196a4cd51e0, C4<1>, C4<1>;
L_00000196a4d344d0 .functor NAND 1, v00000196a4d33880_0, v00000196a4d332e0_0, C4<1>, C4<1>;
L_00000196a4d342a0 .functor NAND 1, L_00000196a4cd5030, L_00000196a4d344d0, C4<1>, C4<1>;
v00000196a4c96a80_0 .net "a", 0 0, L_00000196a4c97160;  1 drivers
v00000196a4ce4450_0 .net "b", 0 0, L_00000196a4c96f60;  1 drivers
v00000196a4ce44f0_0 .net "c", 0 0, L_00000196a4cd51e0;  1 drivers
v00000196a4ce4590_0 .net "d", 0 0, L_00000196a4cd5030;  1 drivers
v00000196a4ce4630_0 .net "e", 0 0, L_00000196a4d344d0;  1 drivers
v00000196a4ce46d0_0 .net "f", 0 0, L_00000196a4d342a0;  alias, 1 drivers
v00000196a4ce4770_0 .net "w", 0 0, v00000196a4d33880_0;  1 drivers
v00000196a4d336a0_0 .net "x", 0 0, v00000196a4d33100_0;  1 drivers
v00000196a4d33740_0 .net "y", 0 0, v00000196a4d33920_0;  1 drivers
v00000196a4d33560_0 .net "z", 0 0, v00000196a4d332e0_0;  1 drivers
    .scope S_00000196a4c9d150;
T_0 ;
    %fork t_1, S_00000196a4c9d2e0;
    %jmp t_0;
    .scope S_00000196a4c9d2e0;
t_1 ;
    %pushi/vec4 0, 0, 32;
    %store/vec4 v00000196a4c969e0_0, 0, 32;
T_0.0 ;
    %load/vec4 v00000196a4c969e0_0;
    %cmpi/s 1, 0, 32;
    %flag_or 5, 4;
    %jmp/0xz T_0.1, 5;
    %fork t_3, S_00000196a4c966c0;
    %jmp t_2;
    .scope S_00000196a4c966c0;
t_3 ;
    %pushi/vec4 0, 0, 32;
    %store/vec4 v00000196a4c9d510_0, 0, 32;
T_0.2 ;
    %load/vec4 v00000196a4c9d510_0;
    %cmpi/s 1, 0, 32;
    %flag_or 5, 4;
    %jmp/0xz T_0.3, 5;
    %fork t_5, S_00000196a4c96850;
    %jmp t_4;
    .scope S_00000196a4c96850;
t_5 ;
    %pushi/vec4 0, 0, 32;
    %store/vec4 v00000196a4c9d470_0, 0, 32;
T_0.4 ;
    %load/vec4 v00000196a4c9d470_0;
    %cmpi/s 1, 0, 32;
    %flag_or 5, 4;
    %jmp/0xz T_0.5, 5;
    %fork t_7, S_00000196a4cd84c0;
    %jmp t_6;
    .scope S_00000196a4cd84c0;
t_7 ;
    %pushi/vec4 0, 0, 32;
    %store/vec4 v00000196a4c96d20_0, 0, 32;
T_0.6 ;
    %load/vec4 v00000196a4c96d20_0;
    %cmpi/s 1, 0, 32;
    %flag_or 5, 4;
    %jmp/0xz T_0.7, 5;
    %load/vec4 v00000196a4c969e0_0;
    %pad/s 1;
    %store/vec4 v00000196a4d33100_0, 0, 1;
    %load/vec4 v00000196a4c9d510_0;
    %pad/s 1;
    %store/vec4 v00000196a4d33920_0, 0, 1;
    %load/vec4 v00000196a4c9d470_0;
    %pad/s 1;
    %store/vec4 v00000196a4d33880_0, 0, 1;
    %load/vec4 v00000196a4c96d20_0;
    %pad/s 1;
    %store/vec4 v00000196a4d332e0_0, 0, 1;
    %delay 10, 0;
    %load/vec4 v00000196a4c96d20_0;
    %addi 1, 0, 32;
    %store/vec4 v00000196a4c96d20_0, 0, 32;
    %jmp T_0.6;
T_0.7 ;
    %end;
    .scope S_00000196a4c96850;
t_6 %join;
    %load/vec4 v00000196a4c9d470_0;
    %addi 1, 0, 32;
    %store/vec4 v00000196a4c9d470_0, 0, 32;
    %jmp T_0.4;
T_0.5 ;
    %end;
    .scope S_00000196a4c966c0;
t_4 %join;
    %load/vec4 v00000196a4c9d510_0;
    %addi 1, 0, 32;
    %store/vec4 v00000196a4c9d510_0, 0, 32;
    %jmp T_0.2;
T_0.3 ;
    %end;
    .scope S_00000196a4c9d2e0;
t_2 %join;
    %load/vec4 v00000196a4c969e0_0;
    %addi 1, 0, 32;
    %store/vec4 v00000196a4c969e0_0, 0, 32;
    %jmp T_0.0;
T_0.1 ;
    %end;
    .scope S_00000196a4c9d150;
t_0 %join;
    %vpi_call 2 23 "$finish" {0 0 0};
    %end;
    .thread T_0;
    .scope S_00000196a4c9d150;
T_1 ;
    %vpi_call 2 26 "$dumpfile", "wave.vcd" {0 0 0};
    %vpi_call 2 27 "$dumpvars", 32'sb00000000000000000000000000000000, S_00000196a4c9d150 {0 0 0};
    %end;
    .thread T_1;
# The file index is used to find the file name in the following table.
:file_names 4;
    "N/A";
    "<interactive>";
    "tb.v";
    "circuit.v";
