#! /c/Source/iverilog-install/bin/vvp
:ivl_version "12.0 (devel)" "(s20150603-1539-g2693dd32b)";
:ivl_delay_selection "TYPICAL";
:vpi_time_precision + 0;
:vpi_module "C:\iverilog\lib\ivl\system.vpi";
:vpi_module "C:\iverilog\lib\ivl\vhdl_sys.vpi";
:vpi_module "C:\iverilog\lib\ivl\vhdl_textio.vpi";
:vpi_module "C:\iverilog\lib\ivl\v2005_math.vpi";
:vpi_module "C:\iverilog\lib\ivl\va_math.vpi";
S_00000267f6d5d800 .scope module, "tb" "tb" 2 1;
 .timescale 0 0;
v00000267f6da41a0_0 .net "f", 0 0, L_00000267f6db01d0;  1 drivers
v00000267f6da3fc0_0 .var "w", 0 0;
v00000267f6da4920_0 .var "x", 0 0;
v00000267f6da3ca0_0 .var "y", 0 0;
v00000267f6da44c0_0 .var "z", 0 0;
S_00000267f6d5d990 .scope module, "F" "func" 2 4, 3 1 0, S_00000267f6d5d800;
 .timescale 0 0;
    .port_info 0 /INPUT 1 "w";
    .port_info 1 /INPUT 1 "x";
    .port_info 2 /INPUT 1 "y";
    .port_info 3 /INPUT 1 "z";
    .port_info 4 /OUTPUT 1 "f";
L_00000267f6daffa0 .functor NOT 1, v00000267f6da3fc0_0, C4<0>, C4<0>, C4<0>;
L_00000267f6dafde0 .functor NOT 1, v00000267f6da4920_0, C4<0>, C4<0>, C4<0>;
L_00000267f6db0010 .functor NOT 1, v00000267f6da3ca0_0, C4<0>, C4<0>, C4<0>;
L_00000267f6db00f0 .functor NOT 1, v00000267f6da44c0_0, C4<0>, C4<0>, C4<0>;
L_00000267f6db0080 .functor AND 1, L_00000267f6daffa0, L_00000267f6db0010, L_00000267f6db00f0, C4<1>;
L_00000267f6db02b0 .functor AND 1, v00000267f6da4920_0, v00000267f6da44c0_0, C4<1>, C4<1>;
L_00000267f6db0240 .functor AND 1, v00000267f6da3fc0_0, L_00000267f6dafde0, L_00000267f6db0010, C4<1>;
L_00000267f6db01d0 .functor OR 1, L_00000267f6db0080, L_00000267f6db02b0, L_00000267f6db0240, C4<0>;
v00000267f6d56d20_0 .net "a", 0 0, L_00000267f6db0080;  1 drivers
v00000267f6d56ac0_0 .net "b", 0 0, L_00000267f6db02b0;  1 drivers
v00000267f6d5db20_0 .net "c", 0 0, L_00000267f6db0240;  1 drivers
v00000267f6d5dbc0_0 .net "f", 0 0, L_00000267f6db01d0;  alias, 1 drivers
v00000267f6da3750_0 .net "w", 0 0, v00000267f6da3fc0_0;  1 drivers
v00000267f6da37f0_0 .net "wn", 0 0, L_00000267f6daffa0;  1 drivers
v00000267f6da3890_0 .net "x", 0 0, v00000267f6da4920_0;  1 drivers
v00000267f6da3930_0 .net "xn", 0 0, L_00000267f6dafde0;  1 drivers
v00000267f6da39d0_0 .net "y", 0 0, v00000267f6da3ca0_0;  1 drivers
v00000267f6da4060_0 .net "yn", 0 0, L_00000267f6db0010;  1 drivers
v00000267f6da4100_0 .net "z", 0 0, v00000267f6da44c0_0;  1 drivers
v00000267f6da47e0_0 .net "zn", 0 0, L_00000267f6db00f0;  1 drivers
    .scope S_00000267f6d5d800;
T_0 ;
    %pushi/vec4 0, 0, 1;
    %store/vec4 v00000267f6da3fc0_0, 0, 1;
    %pushi/vec4 0, 0, 1;
    %store/vec4 v00000267f6da4920_0, 0, 1;
    %pushi/vec4 0, 0, 1;
    %store/vec4 v00000267f6da3ca0_0, 0, 1;
    %pushi/vec4 0, 0, 1;
    %store/vec4 v00000267f6da44c0_0, 0, 1;
    %delay 10, 0;
    %pushi/vec4 0, 0, 1;
    %store/vec4 v00000267f6da3fc0_0, 0, 1;
    %pushi/vec4 0, 0, 1;
    %store/vec4 v00000267f6da4920_0, 0, 1;
    %pushi/vec4 0, 0, 1;
    %store/vec4 v00000267f6da3ca0_0, 0, 1;
    %pushi/vec4 1, 0, 1;
    %store/vec4 v00000267f6da44c0_0, 0, 1;
    %delay 10, 0;
    %pushi/vec4 0, 0, 1;
    %store/vec4 v00000267f6da3fc0_0, 0, 1;
    %pushi/vec4 0, 0, 1;
    %store/vec4 v00000267f6da4920_0, 0, 1;
    %pushi/vec4 1, 0, 1;
    %store/vec4 v00000267f6da3ca0_0, 0, 1;
    %pushi/vec4 0, 0, 1;
    %store/vec4 v00000267f6da44c0_0, 0, 1;
    %delay 10, 0;
    %pushi/vec4 0, 0, 1;
    %store/vec4 v00000267f6da3fc0_0, 0, 1;
    %pushi/vec4 0, 0, 1;
    %store/vec4 v00000267f6da4920_0, 0, 1;
    %pushi/vec4 1, 0, 1;
    %store/vec4 v00000267f6da3ca0_0, 0, 1;
    %pushi/vec4 1, 0, 1;
    %store/vec4 v00000267f6da44c0_0, 0, 1;
    %delay 10, 0;
    %pushi/vec4 0, 0, 1;
    %store/vec4 v00000267f6da3fc0_0, 0, 1;
    %pushi/vec4 1, 0, 1;
    %store/vec4 v00000267f6da4920_0, 0, 1;
    %pushi/vec4 0, 0, 1;
    %store/vec4 v00000267f6da3ca0_0, 0, 1;
    %pushi/vec4 0, 0, 1;
    %store/vec4 v00000267f6da44c0_0, 0, 1;
    %delay 10, 0;
    %pushi/vec4 0, 0, 1;
    %store/vec4 v00000267f6da3fc0_0, 0, 1;
    %pushi/vec4 1, 0, 1;
    %store/vec4 v00000267f6da4920_0, 0, 1;
    %pushi/vec4 0, 0, 1;
    %store/vec4 v00000267f6da3ca0_0, 0, 1;
    %pushi/vec4 1, 0, 1;
    %store/vec4 v00000267f6da44c0_0, 0, 1;
    %delay 10, 0;
    %pushi/vec4 0, 0, 1;
    %store/vec4 v00000267f6da3fc0_0, 0, 1;
    %pushi/vec4 1, 0, 1;
    %store/vec4 v00000267f6da4920_0, 0, 1;
    %pushi/vec4 1, 0, 1;
    %store/vec4 v00000267f6da3ca0_0, 0, 1;
    %pushi/vec4 0, 0, 1;
    %store/vec4 v00000267f6da44c0_0, 0, 1;
    %delay 10, 0;
    %pushi/vec4 0, 0, 1;
    %store/vec4 v00000267f6da3fc0_0, 0, 1;
    %pushi/vec4 1, 0, 1;
    %store/vec4 v00000267f6da4920_0, 0, 1;
    %pushi/vec4 1, 0, 1;
    %store/vec4 v00000267f6da3ca0_0, 0, 1;
    %pushi/vec4 1, 0, 1;
    %store/vec4 v00000267f6da44c0_0, 0, 1;
    %delay 10, 0;
    %pushi/vec4 1, 0, 1;
    %store/vec4 v00000267f6da3fc0_0, 0, 1;
    %pushi/vec4 0, 0, 1;
    %store/vec4 v00000267f6da4920_0, 0, 1;
    %pushi/vec4 0, 0, 1;
    %store/vec4 v00000267f6da3ca0_0, 0, 1;
    %pushi/vec4 0, 0, 1;
    %store/vec4 v00000267f6da44c0_0, 0, 1;
    %delay 10, 0;
    %pushi/vec4 1, 0, 1;
    %store/vec4 v00000267f6da3fc0_0, 0, 1;
    %pushi/vec4 0, 0, 1;
    %store/vec4 v00000267f6da4920_0, 0, 1;
    %pushi/vec4 0, 0, 1;
    %store/vec4 v00000267f6da3ca0_0, 0, 1;
    %pushi/vec4 1, 0, 1;
    %store/vec4 v00000267f6da44c0_0, 0, 1;
    %delay 10, 0;
    %pushi/vec4 1, 0, 1;
    %store/vec4 v00000267f6da3fc0_0, 0, 1;
    %pushi/vec4 0, 0, 1;
    %store/vec4 v00000267f6da4920_0, 0, 1;
    %pushi/vec4 1, 0, 1;
    %store/vec4 v00000267f6da3ca0_0, 0, 1;
    %pushi/vec4 0, 0, 1;
    %store/vec4 v00000267f6da44c0_0, 0, 1;
    %delay 10, 0;
    %pushi/vec4 1, 0, 1;
    %store/vec4 v00000267f6da3fc0_0, 0, 1;
    %pushi/vec4 0, 0, 1;
    %store/vec4 v00000267f6da4920_0, 0, 1;
    %pushi/vec4 1, 0, 1;
    %store/vec4 v00000267f6da3ca0_0, 0, 1;
    %pushi/vec4 1, 0, 1;
    %store/vec4 v00000267f6da44c0_0, 0, 1;
    %delay 10, 0;
    %pushi/vec4 1, 0, 1;
    %store/vec4 v00000267f6da3fc0_0, 0, 1;
    %pushi/vec4 1, 0, 1;
    %store/vec4 v00000267f6da4920_0, 0, 1;
    %pushi/vec4 0, 0, 1;
    %store/vec4 v00000267f6da3ca0_0, 0, 1;
    %pushi/vec4 0, 0, 1;
    %store/vec4 v00000267f6da44c0_0, 0, 1;
    %delay 10, 0;
    %pushi/vec4 1, 0, 1;
    %store/vec4 v00000267f6da3fc0_0, 0, 1;
    %pushi/vec4 1, 0, 1;
    %store/vec4 v00000267f6da4920_0, 0, 1;
    %pushi/vec4 0, 0, 1;
    %store/vec4 v00000267f6da3ca0_0, 0, 1;
    %pushi/vec4 1, 0, 1;
    %store/vec4 v00000267f6da44c0_0, 0, 1;
    %delay 10, 0;
    %pushi/vec4 1, 0, 1;
    %store/vec4 v00000267f6da3fc0_0, 0, 1;
    %pushi/vec4 1, 0, 1;
    %store/vec4 v00000267f6da4920_0, 0, 1;
    %pushi/vec4 1, 0, 1;
    %store/vec4 v00000267f6da3ca0_0, 0, 1;
    %pushi/vec4 0, 0, 1;
    %store/vec4 v00000267f6da44c0_0, 0, 1;
    %delay 10, 0;
    %pushi/vec4 1, 0, 1;
    %store/vec4 v00000267f6da3fc0_0, 0, 1;
    %pushi/vec4 1, 0, 1;
    %store/vec4 v00000267f6da4920_0, 0, 1;
    %pushi/vec4 1, 0, 1;
    %store/vec4 v00000267f6da3ca0_0, 0, 1;
    %pushi/vec4 1, 0, 1;
    %store/vec4 v00000267f6da44c0_0, 0, 1;
    %delay 10, 0;
    %end;
    .thread T_0;
    .scope S_00000267f6d5d800;
T_1 ;
    %vpi_call 2 40 "$dumpfile", "wave.vcd" {0 0 0};
    %vpi_call 2 41 "$dumpvars", 32'sb00000000000000000000000000000000, S_00000267f6d5d800 {0 0 0};
    %end;
    .thread T_1;
# The file index is used to find the file name in the following table.
:file_names 4;
    "N/A";
    "<interactive>";
    "tb.v";
    "c.v";
